2014/12/02 07:35:09 [error] [exception.CDbException] exception 'CDbException' with message 'CDbConnection failed to open the DB connection: SQLSTATE[HY000] [1049] Unknown database 'testdrive'' in C:\xampp\yii\framework\db\CDbConnection.php:382
Stack trace:
#0 C:\xampp\yii\framework\db\CDbConnection.php(330): CDbConnection->open()
#1 C:\xampp\yii\framework\db\CDbConnection.php(308): CDbConnection->setActive(true)
#2 C:\xampp\yii\framework\base\CModule.php(387): CDbConnection->init()
#3 C:\xampp\yii\framework\base\CModule.php(103): CModule->getComponent('db')
#4 C:\xampp\yii\framework\gii\generators\crud\CrudCode.php(44): CModule->__get('db')
#5 C:\xampp\yii\framework\web\CFormModel.php(39): CrudCode->init()
#6 C:\xampp\yii\framework\gii\CCodeGenerator.php(153): CFormModel->__construct()
#7 C:\xampp\yii\framework\gii\CCodeGenerator.php(63): CCodeGenerator->prepare()
#8 C:\xampp\yii\framework\web\actions\CInlineAction.php(49): CCodeGenerator->actionIndex()
#9 C:\xampp\yii\framework\web\CController.php(308): CInlineAction->runWithParams(Array)
#10 C:\xampp\yii\framework\web\CController.php(286): CController->runAction(Object(CInlineAction))
#11 C:\xampp\yii\framework\web\CController.php(265): CController->runActionWithFilters(Object(CInlineAction), Array)
#12 C:\xampp\yii\framework\web\CWebApplication.php(282): CController->run('index')
#13 C:\xampp\yii\framework\web\CWebApplication.php(141): CWebApplication->runController('gii/crud/index')
#14 C:\xampp\yii\framework\base\CApplication.php(180): CWebApplication->processRequest()
#15 C:\xampp\htdocs\musicinsanity\index.php(13): CApplication->run()
#16 {main}
REQUEST_URI=/musicinsanity/index.php?r=gii/crud/index
HTTP_REFERER=http://localhost/musicinsanity/index.php?r=gii/default/index
---
2014/12/02 07:35:35 [error] [exception.CDbException] exception 'CDbException' with message 'CDbConnection failed to open the DB connection: SQLSTATE[HY000] [1049] Unknown database 'testdrive'' in C:\xampp\yii\framework\db\CDbConnection.php:382
Stack trace:
#0 C:\xampp\yii\framework\db\CDbConnection.php(330): CDbConnection->open()
#1 C:\xampp\yii\framework\db\CDbConnection.php(308): CDbConnection->setActive(true)
#2 C:\xampp\yii\framework\base\CModule.php(387): CDbConnection->init()
#3 C:\xampp\yii\framework\base\CModule.php(103): CModule->getComponent('db')
#4 C:\xampp\yii\framework\gii\generators\crud\CrudCode.php(44): CModule->__get('db')
#5 C:\xampp\yii\framework\web\CFormModel.php(39): CrudCode->init()
#6 C:\xampp\yii\framework\gii\CCodeGenerator.php(153): CFormModel->__construct()
#7 C:\xampp\yii\framework\gii\CCodeGenerator.php(63): CCodeGenerator->prepare()
#8 C:\xampp\yii\framework\web\actions\CInlineAction.php(49): CCodeGenerator->actionIndex()
#9 C:\xampp\yii\framework\web\CController.php(308): CInlineAction->runWithParams(Array)
#10 C:\xampp\yii\framework\web\CController.php(286): CController->runAction(Object(CInlineAction))
#11 C:\xampp\yii\framework\web\CController.php(265): CController->runActionWithFilters(Object(CInlineAction), Array)
#12 C:\xampp\yii\framework\web\CWebApplication.php(282): CController->run('index')
#13 C:\xampp\yii\framework\web\CWebApplication.php(141): CWebApplication->runController('gii/crud/index')
#14 C:\xampp\yii\framework\base\CApplication.php(180): CWebApplication->processRequest()
#15 C:\xampp\htdocs\musicinsanity\index.php(13): CApplication->run()
#16 {main}
REQUEST_URI=/musicinsanity/index.php?r=gii/crud/index
HTTP_REFERER=http://localhost/musicinsanity/index.php?r=gii/default/index
---
2014/12/02 07:35:39 [error] [exception.CDbException] exception 'CDbException' with message 'CDbConnection failed to open the DB connection: SQLSTATE[HY000] [1049] Unknown database 'testdrive'' in C:\xampp\yii\framework\db\CDbConnection.php:382
Stack trace:
#0 C:\xampp\yii\framework\db\CDbConnection.php(330): CDbConnection->open()
#1 C:\xampp\yii\framework\db\CDbConnection.php(308): CDbConnection->setActive(true)
#2 C:\xampp\yii\framework\base\CModule.php(387): CDbConnection->init()
#3 C:\xampp\yii\framework\base\CModule.php(103): CModule->getComponent('db')
#4 C:\xampp\yii\framework\gii\generators\crud\CrudCode.php(44): CModule->__get('db')
#5 C:\xampp\yii\framework\web\CFormModel.php(39): CrudCode->init()
#6 C:\xampp\yii\framework\gii\CCodeGenerator.php(153): CFormModel->__construct()
#7 C:\xampp\yii\framework\gii\CCodeGenerator.php(63): CCodeGenerator->prepare()
#8 C:\xampp\yii\framework\web\actions\CInlineAction.php(49): CCodeGenerator->actionIndex()
#9 C:\xampp\yii\framework\web\CController.php(308): CInlineAction->runWithParams(Array)
#10 C:\xampp\yii\framework\web\CController.php(286): CController->runAction(Object(CInlineAction))
#11 C:\xampp\yii\framework\web\CController.php(265): CController->runActionWithFilters(Object(CInlineAction), Array)
#12 C:\xampp\yii\framework\web\CWebApplication.php(282): CController->run('index')
#13 C:\xampp\yii\framework\web\CWebApplication.php(141): CWebApplication->runController('gii/crud/index')
#14 C:\xampp\yii\framework\base\CApplication.php(180): CWebApplication->processRequest()
#15 C:\xampp\htdocs\musicinsanity\index.php(13): CApplication->run()
#16 {main}
REQUEST_URI=/musicinsanity/index.php?r=gii/crud/index
---
2014/12/02 08:02:49 [error] [exception.CHttpException.404] exception 'CHttpException' with message 'The system is unable to find the requested action "view?id=1".' in C:\xampp\yii\framework\web\CController.php:483
Stack trace:
#0 C:\xampp\yii\framework\web\CController.php(270): CController->missingAction('view?id=1')
#1 C:\xampp\yii\framework\web\CWebApplication.php(282): CController->run('view?id=1')
#2 C:\xampp\yii\framework\web\CWebApplication.php(141): CWebApplication->runController('artist/view?id=...')
#3 C:\xampp\yii\framework\base\CApplication.php(180): CWebApplication->processRequest()
#4 C:\xampp\htdocs\musicinsanity\index.php(13): CApplication->run()
#5 {main}
REQUEST_URI=/musicinsanity/index.php?r=artist/view?id=1
---
2014/12/02 21:17:11 [error] [exception.CHttpException.404] exception 'CHttpException' with message 'Unable to resolve the request "users".' in C:\xampp\yii\framework\web\CWebApplication.php:286
Stack trace:
#0 C:\xampp\yii\framework\web\CWebApplication.php(141): CWebApplication->runController('users')
#1 C:\xampp\yii\framework\base\CApplication.php(180): CWebApplication->processRequest()
#2 C:\xampp\htdocs\musicinsanity\index.php(13): CApplication->run()
#3 {main}
REQUEST_URI=/musicinsanity/index.php/users/
---
